<?xml version="1.0" encoding="UTF-8"?>
<!-- Generated by org.testng.reporters.JUnitXMLReporter -->
<testsuite hostname="DESKTOP-CHKGKOF" ignored="0" name="Test" tests="39" failures="0" timestamp="2021-07-20T23:25:10 BDT" time="254.602" errors="0">
  <testcase name="Verify_Download_Page" time="7.588" classname="pagefactory.com.tests.PagefactoryTests_OrderHistory_Transaction_Download"/>
  <testcase name="Verify_Order_History_Page" time="7.566" classname="pagefactory.com.tests.PagefactoryTests_OrderHistory_Transaction_Download"/>
  <testcase name="Verify_Transaction_Page" time="7.576" classname="pagefactory.com.tests.PagefactoryTests_OrderHistory_Transaction_Download"/>
  <testcase name="Verify_AddToCartlist_Before_login_and_Check_Existing_Of_Cartlist_After_Login" time="9.002" classname="pagefactory.com.tests.PagefactoryTests_Cartlist"/>
  <testcase name="Verify_AddToCartlist_After_login" time="8.939" classname="pagefactory.com.tests.PagefactoryTests_Cartlist"/>
  <testcase name="Verify_AddToCartFromWishlist_Before_login" time="8.762" classname="pagefactory.com.tests.PagefactoryTests_AddCart_From_Wishlist"/>
  <testcase name="Verify_AddToCartFromWishlist_After_login" time="10.668" classname="pagefactory.com.tests.PagefactoryTests_AddCart_From_Wishlist"/>
  <testcase name="Verify_CountProduct_After_login" time="11.395" classname="pagefactory.com.tests.PagefactoryTests_Count_Product"/>
  <testcase name="Verify_CountProduct_Before_login_and_Check_Existing_Of_CountProduct_After_Login" time="12.832" classname="pagefactory.com.tests.PagefactoryTests_Count_Product"/>
  <testcase name="search_blank_value_with_login" time="17.6" classname="pagefactory.com.tests.PagefactoryTests_Search"/>
  <testcase name="search_blank_value_without_login" time="11.458" classname="pagefactory.com.tests.PagefactoryTests_Search"/>
  <testcase name="search_invalid_value_with_login" time="17.646" classname="pagefactory.com.tests.PagefactoryTests_Search"/>
  <testcase name="search_invalid_value_without_login" time="11.414" classname="pagefactory.com.tests.PagefactoryTests_Search"/>
  <testcase name="search_valid_value_with_login" time="7.635" classname="pagefactory.com.tests.PagefactoryTests_Search"/>
  <testcase name="search_valid_value_without_login" time="1.457" classname="pagefactory.com.tests.PagefactoryTests_Search"/>
  <testcase name="login_negative_all_invalid_value" time="3.18" classname="pagefactory.com.tests.PagefactoryTests_Login"/>
  <testcase name="login_negative_blank_value" time="2.935" classname="pagefactory.com.tests.PagefactoryTests_Login"/>
  <testcase name="login_positive_all_valid_value" time="6.218" classname="pagefactory.com.tests.PagefactoryTests_Login"/>
  <testcase name="Verify_AddToWishlist_Before_login" time="9.429" classname="pagefactory.com.tests.PagefactoryTests_Wishlist"/>
  <testcase name="Verify_AddToWishlist_After_login" time="11.08" classname="pagefactory.com.tests.PagefactoryTests_Wishlist"/>
  <testcase name="Registration_Negative_Blank_all_value" time="3.275" classname="pagefactory.com.tests.PagefactoryTests_Reg"/>
  <testcase name="Registration_Negative_Click_Yes_Button_with_Invalid_Value" time="3.588" classname="pagefactory.com.tests.PagefactoryTests_Reg"/>
  <testcase name="Registration_Negative_Different_Password_Repassword" time="3.289" classname="pagefactory.com.tests.PagefactoryTests_Reg"/>
  <testcase name="Registration_Negative_Invalid_Email" time="3.355" classname="pagefactory.com.tests.PagefactoryTests_Reg"/>
  <testcase name="Registration_Negative_Invalid_FirstName" time="3.301" classname="pagefactory.com.tests.PagefactoryTests_Reg"/>
  <testcase name="Registration_Negative_Invalid_LastName" time="3.265" classname="pagefactory.com.tests.PagefactoryTests_Reg"/>
  <testcase name="Registration_Negative_Invalid_Password" time="3.273" classname="pagefactory.com.tests.PagefactoryTests_Reg"/>
  <testcase name="Registration_Negative_Invalid_RePassword" time="3.351" classname="pagefactory.com.tests.PagefactoryTests_Reg"/>
  <testcase name="Registration_Negative_Invalid_Telephone" time="3.27" classname="pagefactory.com.tests.PagefactoryTests_Reg"/>
  <testcase name="Registration_Negative_Invalid_all_value" time="3.415" classname="pagefactory.com.tests.PagefactoryTests_Reg"/>
  <testcase name="Registration_Negative_Without_Click_Agree" time="3.155" classname="pagefactory.com.tests.PagefactoryTests_Reg"/>
  <testcase name="Registration_Negative_valid_Email" time="3.413" classname="pagefactory.com.tests.PagefactoryTests_Reg"/>
  <testcase name="Registration_Negative_valid_FirstName" time="3.429" classname="pagefactory.com.tests.PagefactoryTests_Reg"/>
  <testcase name="Registration_Negative_valid_LastName" time="3.403" classname="pagefactory.com.tests.PagefactoryTests_Reg"/>
  <testcase name="Registration_Negative_valid_Password" time="3.385" classname="pagefactory.com.tests.PagefactoryTests_Reg"/>
  <testcase name="Registration_Negative_valid_RePassword" time="3.391" classname="pagefactory.com.tests.PagefactoryTests_Reg"/>
  <testcase name="Registration_Negative_valid_Telephone" time="3.432" classname="pagefactory.com.tests.PagefactoryTests_Reg"/>
  <testcase name="Registration_Positive_Click_Yes_Button_with_Valid_Value" time="6.63" classname="pagefactory.com.tests.PagefactoryTests_Reg"/>
  <testcase name="Registration_Positive_all_valid_value" time="6.539" classname="pagefactory.com.tests.PagefactoryTests_Reg"/>
</testsuite> <!-- Test -->
