<?xml version="1.0" encoding="UTF-8"?>
<!-- Generated by org.testng.reporters.JUnitXMLReporter -->
<testsuite hostname="DESKTOP-CHKGKOF" ignored="0" name="Test" tests="3" failures="0" timestamp="2021-07-15T02:20:36 BDT" time="17.888" errors="0">
  <testcase name="login_negative_all_invalid_value" time="3.027" classname="pagefactory.com.tests.PagefactoryTests_Login"/>
  <testcase name="login_negative_blank_value" time="5.12" classname="pagefactory.com.tests.PagefactoryTests_Login"/>
  <testcase name="login_positive_all_valid_value" time="9.711" classname="pagefactory.com.tests.PagefactoryTests_Login"/>
</testsuite> <!-- Test -->
