<?xml version="1.0" encoding="UTF-8"?>
<!-- Generated by org.testng.reporters.JUnitXMLReporter -->
<testsuite hostname="DESKTOP-CHKGKOF" ignored="0" name="Default test" tests="2" failures="0" timestamp="2021-07-20T23:20:17 BDT" time="20.689" errors="0">
  <testcase name="Verify_AddToWishlist_Before_login" time="9.496" classname="pagefactory.com.tests.PagefactoryTests_Wishlist"/>
  <testcase name="Verify_AddToWishlist_After_login" time="11.165" classname="pagefactory.com.tests.PagefactoryTests_Wishlist"/>
</testsuite> <!-- Default test -->
