<?xml version="1.0" encoding="UTF-8"?>
<!-- Generated by org.testng.reporters.JUnitXMLReporter -->
<testsuite hostname="DESKTOP-KI1C1PT" ignored="0" name="Default test" tests="2" failures="0" timestamp="2019-11-13T20:50:55 BDT" time="33.715" errors="0">
  <testcase name="Verify_AddToWishlist_Before_login" time="11.917" classname="pagefactory.com.tests.PagefactoryTests_Wishlist"/>
  <testcase name="Verify_AddToWishlist_After_login" time="13.654" classname="pagefactory.com.tests.PagefactoryTests_Wishlist"/>
</testsuite> <!-- Default test -->
